C51 COMPILER V9.53.0.0   AADC                                                              05/14/2018 22:10:59 PAGE 1   


C51 COMPILER V9.53.0.0, COMPILATION OF MODULE AADC
OBJECT MODULE PLACED IN aadc.OBJ
COMPILER INVOKED BY: C:\Keil_v5\C51\BIN\C51.EXE aadc.c OPTIMIZE(8,SPEED) BROWSE DEBUG OBJECTEXTEND TABS(2)

line level    source

   1          #include<reg51.h>
   2          #include<stdio.h>
   3          #define ADC P1
   4          #define lcd P0
   5          sbit rs =P2^7;
   6          sbit rw = P2^6;
   7          sbit en = P2^5;
   8          sbit bf=P0^7;
   9          
  10          void gen1();
  11          void gen2();
  12          int a,b,c,d,e,f,g,x,y,z;
  13          x=0x30; y=100; z=10;
  14          int h,s,m; 
  15          void con();
  16          void ready();
  17          void gen();
  18          void lcd_com (char ll);
  19          void lcd_data (char lll );
  20          void lcd_string(char *c);
  21          void lcd_initial();
  22          
  23          void delay(unsigned int itime)
  24          {
  25   1      unsigned int i,j;
  26   1      for(i=0;i<itime;i++)
  27   1      for(j=0;j<1275;j++);
  28   1      }
  29           void main()
  30           {
  31   1         P0=0x00;
  32   1          P2=0x00;
  33   1          P3=0x00;
  34   1         ADC=0xff;
  35   1         
  36   1         lcd_initial();    
  37   1      {
  38   2      while(1)
  39   2      {
  40   3        lcd_com(0x01);
  41   3        lcd_string("varying range");
  42   3      lcd_com(0xc0);
  43   3        
  44   3        gen();
  45   3        delay(100);
  46   3      }
  47   2      }
  48   1      }
  49          
  50          void gen()
  51          {
  52   1         a=ADC ;
  53   1      c=(a/100)+x;
  54   1       lcd_data(c);
  55   1        c=(a%100)/10+x;
C51 COMPILER V9.53.0.0   AADC                                                              05/14/2018 22:10:59 PAGE 2   

  56   1       lcd_data(c);
  57   1         c=(a%10)+x;
  58   1       lcd_data(c);
  59   1        delay(10);
  60   1        
  61   1      }
  62          
  63           void con()
  64           {
  65   1       if(a<100)
  66   1      
  67   1       {
  68   2         lcd_com(0x01);
  69   2        lcd_string(" under working ");
  70   2         lcd_com(0xc0);
  71   2         gen();
  72   2       }
  73   1       }
  74          void lcd_com (char ll)
  75              {
  76   1            ready();
  77   1          lcd =ll;en = 1;
  78   1          rs = 0;
  79   1          rw = 0;
  80   1          en = 0;
  81   1          
  82   1          }
  83              
  84              void lcd_data (char lll)
  85              {
  86   1            ready();
  87   1            lcd = lll;
  88   1            en = 1;
  89   1            rs = 1;
  90   1            rw = 0;
  91   1            en = 0;
  92   1            
  93   1          }
  94              
  95              
  96              void ready()
  97              {
  98   1            bf=1;
  99   1            rs=0;
 100   1            rw=1;
 101   1            god:
 102   1            en=0;
 103   1            en=1;
 104   1            while(bf)
 105   1            goto god;
 106   1          }
 107              void lcd_initial()
 108          {
 109   1        lcd_com (0x38);   
 110   1          lcd_com(0x0F);
 111   1        //lcd_com(0x0E);
 112   1          lcd_com(0x01);
 113   1      
 114   1      }
 115              
 116            void lcd_string(char *c)
 117          {
C51 COMPILER V9.53.0.0   AADC                                                              05/14/2018 22:10:59 PAGE 3   

 118   1          while(*c!='\0') /*or while(*c)*/
 119   1      
 120   1        lcd_data(*c++);
 121   1            }


MODULE INFORMATION:   STATIC OVERLAYABLE
   CODE SIZE        =    298    ----
   CONSTANT SIZE    =     30    ----
   XDATA SIZE       =   ----    ----
   PDATA SIZE       =   ----    ----
   DATA SIZE        =     26       5
   IDATA SIZE       =   ----    ----
   BIT SIZE         =   ----    ----
END OF MODULE INFORMATION.


C51 COMPILATION COMPLETE.  0 WARNING(S),  0 ERROR(S)
