C51 COMPILER V9.53.0.0   LCD                                                               12/08/2017 14:35:59 PAGE 1   


C51 COMPILER V9.53.0.0, COMPILATION OF MODULE LCD
OBJECT MODULE PLACED IN lcd.OBJ
COMPILER INVOKED BY: C:\Keil_v5\C51\BIN\C51.EXE lcd.c OPTIMIZE(8,SPEED) BROWSE DEBUG OBJECTEXTEND TABS(2)

line level    source

   1          #include<reg51.h>
   2          #define lcd P2
   3          sbit rs =P3^0;
   4          sbit rw = P3^1;
   5          sbit en = P3^2;
   6          sbit bf=P2^7;
   7          
   8          void ready();
   9          void lcd_com (char ll);
  10          void lcd_data (char lll );
  11          void lcd_string(char *c);
  12          void lcd_initial();
  13          void delay(int i)
  14          {
  15   1      int j;
  16   1      for(i=0;i<=j;i++)
  17   1        for(j=0;j<=10000;j++);
  18   1      
  19   1      }
  20           
  21          
  22          void main ()
  23          {
  24   1        lcd = 0x00;
  25   1        rs = 0;
  26   1        rw = 0;
  27   1        en = 0;
  28   1        lcd_initial();
  29   1      while(1)
  30   1        { 
  31   2          
  32   2        lcd_com(0x01);
  33   2       lcd_string("hello ");  
  34   2        lcd_com(0xc0);
  35   2        lcd_string(" venkesy");
  36   2         delay(5000);
  37   2            }
  38   1      }
  39              void lcd_com (char ll)
  40              {
  41   1            ready();
  42   1          lcd =ll;
  43   1           en = 1;
  44   1          rs = 0;
  45   1          rw = 0;
  46   1          en = 0;
  47   1          
  48   1          }
  49              
  50              void lcd_data (char lll)
  51              {
  52   1            ready();
  53   1            lcd = lll;
  54   1            en = 1;
  55   1            rs = 1;
C51 COMPILER V9.53.0.0   LCD                                                               12/08/2017 14:35:59 PAGE 2   

  56   1            rw = 0;
  57   1            en = 0;
  58   1            
  59   1          }
  60              
  61              
  62              void ready()
  63              {
  64   1            bf=1;
  65   1            rs=0;
  66   1            rw=1;
  67   1            god:
  68   1            en=0;
  69   1            en=1;
  70   1            while(bf)
  71   1            goto god;
  72   1          }
  73              
  74              void lcd_initial()
  75          {
  76   1        lcd_com (0x38);   
  77   1          lcd_com(0x0F);
  78   1      lcd_com (0x06);    
  79   1          lcd_com(0x01);
  80   1        lcd_com(0x1C);     /*ROTATE*/
  81   1      
  82   1      }
  83              
  84            void lcd_string(char *c)
  85          {
  86   1          while(*c!='\0') /*or while(*c)*/
  87   1      
  88   1        lcd_data(*c++);
  89   1            }
  90            
  91          
  92              
  93              


MODULE INFORMATION:   STATIC OVERLAYABLE
   CODE SIZE        =    199    ----
   CONSTANT SIZE    =     16    ----
   XDATA SIZE       =   ----    ----
   PDATA SIZE       =   ----    ----
   DATA SIZE        =   ----       5
   IDATA SIZE       =   ----    ----
   BIT SIZE         =   ----    ----
END OF MODULE INFORMATION.


C51 COMPILATION COMPLETE.  0 WARNING(S),  0 ERROR(S)
